  Asteroid.cpp
C:\Users\user\Desktop\CPP\OpenGL\Projects\LearningOpenGL\Projects\09. Practice - Asteroids\dependencies\includes\camera\camera.h(89,1): warning C4244: '+=': conversion from 'double' to 'float', possible loss of data
C:\Users\user\Desktop\CPP\OpenGL\Projects\LearningOpenGL\Projects\09. Practice - Asteroids\dependencies\includes\camera\camera.h(90,1): warning C4244: '+=': conversion from 'double' to 'float', possible loss of data
  Game.cpp
C:\Users\user\Desktop\CPP\OpenGL\Projects\LearningOpenGL\Projects\09. Practice - Asteroids\dependencies\includes\camera\camera.h(89,1): warning C4244: '+=': conversion from 'double' to 'float', possible loss of data
C:\Users\user\Desktop\CPP\OpenGL\Projects\LearningOpenGL\Projects\09. Practice - Asteroids\dependencies\includes\camera\camera.h(90,1): warning C4244: '+=': conversion from 'double' to 'float', possible loss of data
C:\Users\user\Desktop\CPP\OpenGL\Projects\LearningOpenGL\Projects\09. Practice - Asteroids\BaseProject\Game.cpp(5,15): warning C4244: 'argument': conversion from 'time_t' to 'unsigned int', possible loss of data
C:\Users\user\Desktop\CPP\OpenGL\Projects\LearningOpenGL\Projects\09. Practice - Asteroids\BaseProject\Game.cpp(38,24): warning C4244: 'initializing': conversion from 'double' to 'float', possible loss of data
C:\Users\user\Desktop\CPP\OpenGL\Projects\LearningOpenGL\Projects\09. Practice - Asteroids\BaseProject\Game.cpp(68,5): warning C4267: 'initializing': conversion from 'size_t' to 'int', possible loss of data
C:\Users\user\Desktop\CPP\OpenGL\Projects\LearningOpenGL\Projects\09. Practice - Asteroids\BaseProject\Game.cpp(73,9): warning C4267: 'initializing': conversion from 'size_t' to 'int', possible loss of data
C:\Users\user\Desktop\CPP\OpenGL\Projects\LearningOpenGL\Projects\09. Practice - Asteroids\BaseProject\Game.cpp(156,5): warning C4267: 'initializing': conversion from 'size_t' to 'int', possible loss of data
  Game.h
C:\Users\user\Desktop\CPP\OpenGL\Projects\LearningOpenGL\Projects\09. Practice - Asteroids\dependencies\includes\camera\camera.h(89,1): warning C4244: '+=': conversion from 'double' to 'float', possible loss of data
C:\Users\user\Desktop\CPP\OpenGL\Projects\LearningOpenGL\Projects\09. Practice - Asteroids\dependencies\includes\camera\camera.h(90,1): warning C4244: '+=': conversion from 'double' to 'float', possible loss of data
  GameObject.cpp
C:\Users\user\Desktop\CPP\OpenGL\Projects\LearningOpenGL\Projects\09. Practice - Asteroids\dependencies\includes\camera\camera.h(89,1): warning C4244: '+=': conversion from 'double' to 'float', possible loss of data
C:\Users\user\Desktop\CPP\OpenGL\Projects\LearningOpenGL\Projects\09. Practice - Asteroids\dependencies\includes\camera\camera.h(90,1): warning C4244: '+=': conversion from 'double' to 'float', possible loss of data
C:\Users\user\Desktop\CPP\OpenGL\Projects\LearningOpenGL\Projects\09. Practice - Asteroids\BaseProject\GameObject.cpp(59,68): warning C4267: 'argument': conversion from 'size_t' to 'GLsizei', possible loss of data
  Image.cpp
  main.cpp
C:\Users\user\Desktop\CPP\OpenGL\Projects\LearningOpenGL\Projects\09. Practice - Asteroids\dependencies\includes\camera\camera.h(89,1): warning C4244: '+=': conversion from 'double' to 'float', possible loss of data
C:\Users\user\Desktop\CPP\OpenGL\Projects\LearningOpenGL\Projects\09. Practice - Asteroids\dependencies\includes\camera\camera.h(90,1): warning C4244: '+=': conversion from 'double' to 'float', possible loss of data
  Projectile.cpp
C:\Users\user\Desktop\CPP\OpenGL\Projects\LearningOpenGL\Projects\09. Practice - Asteroids\dependencies\includes\camera\camera.h(89,1): warning C4244: '+=': conversion from 'double' to 'float', possible loss of data
C:\Users\user\Desktop\CPP\OpenGL\Projects\LearningOpenGL\Projects\09. Practice - Asteroids\dependencies\includes\camera\camera.h(90,1): warning C4244: '+=': conversion from 'double' to 'float', possible loss of data
  Ship.cpp
C:\Users\user\Desktop\CPP\OpenGL\Projects\LearningOpenGL\Projects\09. Practice - Asteroids\dependencies\includes\camera\camera.h(89,1): warning C4244: '+=': conversion from 'double' to 'float', possible loss of data
C:\Users\user\Desktop\CPP\OpenGL\Projects\LearningOpenGL\Projects\09. Practice - Asteroids\dependencies\includes\camera\camera.h(90,1): warning C4244: '+=': conversion from 'double' to 'float', possible loss of data
  Generating Code...
  glad.c
x64\Debug\Game.obj : warning LNK4042: object specified more than once; extras ignored
  BaseProject.vcxproj -> C:\Users\user\Desktop\CPP\OpenGL\Projects\LearningOpenGL\Projects\09. Practice - Asteroids\x64\Debug\BaseProject.exe
